[debug] [2025-08-10T01:25:16.092Z] ----------------------------------------------------------------------
[debug] [2025-08-10T01:25:16.094Z] Command:       C:\Program Files\nodejs\node.exe C:\Users\Luis.Urruela\AppData\Roaming\npm\node_modules\firebase-tools\lib\bin\firebase.js init
[debug] [2025-08-10T01:25:16.095Z] CLI Version:   14.12.0
[debug] [2025-08-10T01:25:16.095Z] Platform:      win32
[debug] [2025-08-10T01:25:16.095Z] Node Version:  v22.17.0
[debug] [2025-08-10T01:25:16.095Z] Time:          Sat Aug 09 2025 19:25:16 GMT-0600 (hora estándar central)
[debug] [2025-08-10T01:25:16.095Z] ----------------------------------------------------------------------
[debug] 
[debug] [2025-08-10T01:25:16.103Z] > command requires scopes: ["email","openid","https://www.googleapis.com/auth/cloudplatformprojects.readonly","https://www.googleapis.com/auth/firebase","https://www.googleapis.com/auth/cloud-platform"]
[debug] [2025-08-10T01:25:16.103Z] > authorizing via signed-in user (luis.urruela@gmail.com)
[info] 
     ######## #### ########  ######## ########     ###     ######  ########
     ##        ##  ##     ## ##       ##     ##  ##   ##  ##       ##
     ######    ##  ########  ######   ########  #########  ######  ######
     ##        ##  ##    ##  ##       ##     ## ##     ##       ## ##
     ##       #### ##     ## ######## ########  ##     ##  ######  ########

You're about to initialize a Firebase project in this directory:

  C:\projects\celebra

Before we get started, keep in mind:

  * You are currently outside your home directory

[debug] [2025-08-10T01:26:31.679Z] ExitPromptError: User force closed the prompt with SIGINT
    at Interface.sigint (C:\Users\Luis.Urruela\AppData\Roaming\npm\node_modules\firebase-tools\node_modules\@inquirer\core\dist\commonjs\lib\create-prompt.js:101:37)
    at Interface.emit (node:events:518:28)
    at Interface.emit (node:domain:489:12)
    at [_ttyWrite] [as _ttyWrite] (node:internal/readline/interface:1132:18)
    at ReadStream.onkeypress (node:internal/readline/interface:271:20)
    at ReadStream.emit (node:events:530:35)
    at ReadStream.emit (node:domain:489:12)
    at emitKeys (node:internal/readline/utils:370:14)
    at emitKeys.next (<anonymous>)
    at ReadStream.onData (node:internal/readline/emitKeypressEvents:64:36)
[error] 
[error] Error: An unexpected error has occurred.
